<?xml version="1.0" encoding="UTF-8"?>
<!-- Generated by org.testng.reporters.JUnitReportReporter -->
<testsuite hostname="CCCBE-KHALID" failures="0" tests="1" name="testcases.Test_User_Role" time="4.453" errors="0" timestamp="2025-03-24T15:40:06 IST" skipped="0">
  <testcase classname="testcases.Test_User_Role" name="verifyAdmin" time="4.453"/>
</testsuite> <!-- testcases.Test_User_Role -->
